<?xml version="1.0" encoding="UTF-8"?>
<!-- Generated by org.testng.reporters.JUnitReportReporter -->
<testsuite hostname="Dharaneesha-PC" failures="0" tests="1" name="scripts.Testcase2" time="34.069" errors="0" timestamp="2022-10-20T17:15:39 IST" skipped="0">
  <testcase classname="scripts.Testcase2" name="tc2" time="34.069"/>
  <system-out/>
</testsuite> <!-- scripts.Testcase2 -->
