<?xml version="1.0" encoding="UTF-8"?>
<!-- Generated by org.testng.reporters.JUnitReportReporter -->
<testsuite hostname="Dharaneesha-PC" failures="0" tests="1" name="scripts.Testcase1" time="15.480" errors="0" timestamp="2022-10-23T20:14:39 IST" skipped="0">
  <testcase classname="scripts.Testcase1" name="tc1" time="15.480"/>
  <system-out/>
</testsuite> <!-- scripts.Testcase1 -->
