<?xml version="1.0" encoding="UTF-8"?>
<!-- Generated by org.testng.reporters.JUnitReportReporter -->
<testsuite hostname="Dharaneesha-PC" failures="0" tests="1" name="scripts.Testcase2" time="33.522" errors="0" timestamp="2022-10-23T20:14:39 IST" skipped="0">
  <testcase classname="scripts.Testcase2" name="tc2" time="33.522"/>
  <system-out/>
</testsuite> <!-- scripts.Testcase2 -->
