<?xml version="1.0" encoding="UTF-8"?>
<!-- Generated by org.testng.reporters.JUnitReportReporter -->
<testsuite hostname="Dharaneesha-PC" failures="0" tests="1" name="scripts.Testcase2" time="7.694" errors="0" timestamp="2022-12-22T23:31:10 IST" skipped="0">
  <testcase classname="scripts.Testcase2" name="tc2" time="7.694"/>
  <system-out/>
</testsuite> <!-- scripts.Testcase2 -->
