<?xml version="1.0" encoding="UTF-8"?>
<!-- Generated by org.testng.reporters.JUnitReportReporter -->
<testsuite hostname="Dharaneesha-PC" failures="0" tests="1" name="scripts.Testcase3" time="20.675" errors="0" timestamp="2022-10-23T20:14:39 IST" skipped="0">
  <testcase classname="scripts.Testcase3" name="tc3" time="20.675"/>
  <system-out/>
</testsuite> <!-- scripts.Testcase3 -->
